0 info it worked if it ends with ok
1 verbose cli [
1 verbose cli   'D:\\nodeJS\\node.exe',
1 verbose cli   'D:\\nodeJS\\node_modules\\npm\\bin\\npm-cli.js',
1 verbose cli   'run',
1 verbose cli   'build'
1 verbose cli ]
2 info using npm@6.14.11
3 info using node@v14.16.0
4 verbose stack Error: ENOENT: no such file or directory, open 'E:\learnVuex\package.json'
5 verbose cwd E:\learnVuex
6 verbose Windows_NT 10.0.19042
7 verbose argv "D:\\nodeJS\\node.exe" "D:\\nodeJS\\node_modules\\npm\\bin\\npm-cli.js" "run" "build"
8 verbose node v14.16.0
9 verbose npm  v6.14.11
10 error code ENOENT
11 error syscall open
12 error path E:\learnVuex\package.json
13 error errno -4058
14 error enoent ENOENT: no such file or directory, open 'E:\learnVuex\package.json'
15 error enoent This is related to npm not being able to find a file.
16 verbose exit [ -4058, true ]
